<?xml version="1.0" encoding="UTF-8"?>
<testng-results ignored="0" total="1" passed="1" failed="0" skipped="0">
  <reporter-output>
  </reporter-output>
  <suite started-at="2025-04-21T12:33:57 IST" name="Default suite" finished-at="2025-04-21T12:36:01 IST" duration-ms="124145">
    <groups>
    </groups>
    <test started-at="2025-04-21T12:33:57 IST" name="Default test" finished-at="2025-04-21T12:36:01 IST" duration-ms="124145">
      <class name="essential.EmployeeOnboarding">
        <test-method is-config="true" signature="setup()[pri:0, instance:essential.EmployeeOnboarding@4b6579e8]" started-at="2025-04-21T12:33:57 IST" name="setup" finished-at="2025-04-21T12:35:01 IST" duration-ms="63729" status="PASS">
          <reporter-output>
          </reporter-output>
        </test-method> <!-- setup -->
        <test-method signature="employeeOnboardingWorkflow()[pri:0, instance:essential.EmployeeOnboarding@4b6579e8]" started-at="2025-04-21T12:35:01 IST" name="employeeOnboardingWorkflow" finished-at="2025-04-21T12:35:58 IST" duration-ms="57010" status="PASS">
          <reporter-output>
          </reporter-output>
        </test-method> <!-- employeeOnboardingWorkflow -->
        <test-method is-config="true" signature="teardown()[pri:0, instance:essential.EmployeeOnboarding@4b6579e8]" started-at="2025-04-21T12:35:58 IST" name="teardown" finished-at="2025-04-21T12:36:01 IST" duration-ms="3308" status="PASS">
          <reporter-output>
          </reporter-output>
        </test-method> <!-- teardown -->
      </class> <!-- essential.EmployeeOnboarding -->
    </test> <!-- Default test -->
  </suite> <!-- Default suite -->
</testng-results>
