<?xml version="1.0" encoding="UTF-8"?>
<testng-results ignored="0" total="1" passed="1" failed="0" skipped="0">
  <reporter-output>
  </reporter-output>
  <suite started-at="2025-04-18T15:16:21 IST" name="Default suite" finished-at="2025-04-18T15:19:10 IST" duration-ms="169343">
    <groups>
    </groups>
    <test started-at="2025-04-18T15:16:21 IST" name="Default test" finished-at="2025-04-18T15:19:10 IST" duration-ms="169343">
      <class name="enterprise.ExpenseManagement">
        <test-method is-config="true" signature="setup()[pri:0, instance:enterprise.ExpenseManagement@4b6579e8]" started-at="2025-04-18T15:16:21 IST" name="setup" finished-at="2025-04-18T15:16:23 IST" duration-ms="2224" status="PASS">
          <reporter-output>
          </reporter-output>
        </test-method> <!-- setup -->
        <test-method signature="completeExpenseManagementFlow()[pri:0, instance:enterprise.ExpenseManagement@4b6579e8]" started-at="2025-04-18T15:16:23 IST" name="completeExpenseManagementFlow" finished-at="2025-04-18T15:19:10 IST" duration-ms="166832" status="PASS">
          <reporter-output>
          </reporter-output>
        </test-method> <!-- completeExpenseManagementFlow -->
        <test-method is-config="true" signature="tearDown()[pri:0, instance:enterprise.ExpenseManagement@4b6579e8]" started-at="2025-04-18T15:19:10 IST" name="tearDown" finished-at="2025-04-18T15:19:10 IST" duration-ms="190" status="PASS">
          <reporter-output>
          </reporter-output>
        </test-method> <!-- tearDown -->
      </class> <!-- enterprise.ExpenseManagement -->
    </test> <!-- Default test -->
  </suite> <!-- Default suite -->
</testng-results>
