<?xml version="1.0" encoding="UTF-8"?>
<testng-results ignored="0" total="1" passed="1" failed="0" skipped="0">
  <reporter-output>
  </reporter-output>
  <suite started-at="2025-04-16T17:31:58 IST" name="Default suite" finished-at="2025-04-16T17:33:48 IST" duration-ms="109808">
    <groups>
    </groups>
    <test started-at="2025-04-16T17:31:58 IST" name="Default test" finished-at="2025-04-16T17:33:48 IST" duration-ms="109808">
      <class name="essential.EmployeeOnboarding">
        <test-method is-config="true" signature="setup()[pri:0, instance:essential.EmployeeOnboarding@4b6579e8]" started-at="2025-04-16T17:31:58 IST" name="setup" finished-at="2025-04-16T17:32:42 IST" duration-ms="44427" status="PASS">
          <reporter-output>
          </reporter-output>
        </test-method> <!-- setup -->
        <test-method signature="employeeOnboardingWorkflow()[pri:0, instance:essential.EmployeeOnboarding@4b6579e8]" started-at="2025-04-16T17:32:42 IST" name="employeeOnboardingWorkflow" finished-at="2025-04-16T17:33:44 IST" duration-ms="61896" status="PASS">
          <reporter-output>
          </reporter-output>
        </test-method> <!-- employeeOnboardingWorkflow -->
        <test-method is-config="true" signature="teardown()[pri:0, instance:essential.EmployeeOnboarding@4b6579e8]" started-at="2025-04-16T17:33:44 IST" name="teardown" finished-at="2025-04-16T17:33:48 IST" duration-ms="3399" status="PASS">
          <reporter-output>
          </reporter-output>
        </test-method> <!-- teardown -->
      </class> <!-- essential.EmployeeOnboarding -->
    </test> <!-- Default test -->
  </suite> <!-- Default suite -->
</testng-results>
