<?xml version="1.0" encoding="UTF-8"?>
<testng-results ignored="0" total="1" passed="1" failed="0" skipped="0">
  <reporter-output>
  </reporter-output>
  <suite started-at="2025-04-19T17:43:17 IST" name="Default suite" finished-at="2025-04-19T17:44:57 IST" duration-ms="99292">
    <groups>
    </groups>
    <test started-at="2025-04-19T17:43:17 IST" name="Default test" finished-at="2025-04-19T17:44:57 IST" duration-ms="99292">
      <class name="essential.LoginLogout">
        <test-method is-config="true" signature="setup()[pri:0, instance:essential.LoginLogout@38425407]" started-at="2025-04-19T17:43:17 IST" name="setup" finished-at="2025-04-19T17:44:37 IST" duration-ms="79807" status="PASS">
          <reporter-output>
          </reporter-output>
        </test-method> <!-- setup -->
        <test-method signature="adminLoginLogout()[pri:0, instance:essential.LoginLogout@38425407]" started-at="2025-04-19T17:44:37 IST" name="adminLoginLogout" finished-at="2025-04-19T17:44:54 IST" duration-ms="16249" status="PASS">
          <reporter-output>
          </reporter-output>
        </test-method> <!-- adminLoginLogout -->
        <test-method is-config="true" signature="teardown()[pri:0, instance:essential.LoginLogout@38425407]" started-at="2025-04-19T17:44:54 IST" name="teardown" finished-at="2025-04-19T17:44:57 IST" duration-ms="3175" status="PASS">
          <reporter-output>
          </reporter-output>
        </test-method> <!-- teardown -->
      </class> <!-- essential.LoginLogout -->
    </test> <!-- Default test -->
  </suite> <!-- Default suite -->
</testng-results>
