<?xml version="1.0" encoding="UTF-8"?>
<testng-results ignored="0" total="1" passed="1" failed="0" skipped="0">
  <reporter-output>
  </reporter-output>
  <suite started-at="2025-04-15T16:47:44 IST" name="Default suite" finished-at="2025-04-15T16:49:13 IST" duration-ms="88466">
    <groups>
    </groups>
    <test started-at="2025-04-15T16:47:44 IST" name="Default test" finished-at="2025-04-15T16:49:13 IST" duration-ms="88466">
      <class name="essential.CreateOrgSetup">
        <test-method is-config="true" signature="setup()[pri:0, instance:essential.CreateOrgSetup@6c80d78a]" started-at="2025-04-15T16:47:44 IST" name="setup" finished-at="2025-04-15T16:47:46 IST" duration-ms="1701" status="PASS">
          <reporter-output>
          </reporter-output>
        </test-method> <!-- setup -->
        <test-method signature="manageOrganization()[pri:0, instance:essential.CreateOrgSetup@6c80d78a]" started-at="2025-04-15T16:47:46 IST" name="manageOrganization" finished-at="2025-04-15T16:49:09 IST" duration-ms="83488" status="PASS">
          <reporter-output>
          </reporter-output>
        </test-method> <!-- manageOrganization -->
        <test-method is-config="true" signature="teardown()[pri:0, instance:essential.CreateOrgSetup@6c80d78a]" started-at="2025-04-15T16:49:09 IST" name="teardown" finished-at="2025-04-15T16:49:13 IST" duration-ms="3234" status="PASS">
          <reporter-output>
          </reporter-output>
        </test-method> <!-- teardown -->
      </class> <!-- essential.CreateOrgSetup -->
    </test> <!-- Default test -->
  </suite> <!-- Default suite -->
</testng-results>
