<?xml version="1.0" encoding="UTF-8"?>
<testng-results ignored="0" total="2" passed="2" failed="0" skipped="0">
  <reporter-output>
  </reporter-output>
  <suite started-at="2025-04-16T16:47:08 IST" name="Default suite" finished-at="2025-04-16T16:48:05 IST" duration-ms="57410">
    <groups>
    </groups>
    <test started-at="2025-04-16T16:47:08 IST" name="Default test" finished-at="2025-04-16T16:48:05 IST" duration-ms="57410">
      <class name="essential.LoginLogout">
        <test-method is-config="true" signature="setup()[pri:0, instance:essential.LoginLogout@54d9d12d]" started-at="2025-04-16T16:47:08 IST" name="setup" finished-at="2025-04-16T16:47:11 IST" duration-ms="3611" status="PASS">
          <reporter-output>
          </reporter-output>
        </test-method> <!-- setup -->
        <test-method signature="adminLoginLogout()[pri:0, instance:essential.LoginLogout@54d9d12d]" started-at="2025-04-16T16:47:11 IST" name="adminLoginLogout" finished-at="2025-04-16T16:47:59 IST" duration-ms="47713" status="PASS">
          <reporter-output>
          </reporter-output>
        </test-method> <!-- adminLoginLogout -->
        <test-method signature="employeeLoginLogout()[pri:0, instance:essential.LoginLogout@54d9d12d]" started-at="2025-04-16T16:47:59 IST" name="employeeLoginLogout" finished-at="2025-04-16T16:48:02 IST" depends-on-methods="essential.LoginLogout.adminLoginLogout" duration-ms="2691" status="PASS">
          <reporter-output>
          </reporter-output>
        </test-method> <!-- employeeLoginLogout -->
        <test-method is-config="true" signature="teardown()[pri:0, instance:essential.LoginLogout@54d9d12d]" started-at="2025-04-16T16:48:02 IST" name="teardown" finished-at="2025-04-16T16:48:05 IST" duration-ms="3317" status="PASS">
          <reporter-output>
          </reporter-output>
        </test-method> <!-- teardown -->
      </class> <!-- essential.LoginLogout -->
    </test> <!-- Default test -->
  </suite> <!-- Default suite -->
</testng-results>
