<?xml version="1.0" encoding="UTF-8"?>
<testng-results ignored="0" total="1" passed="1" failed="0" skipped="0">
  <reporter-output>
  </reporter-output>
  <suite started-at="2025-04-18T18:03:11 IST" name="Default suite" finished-at="2025-04-18T18:04:51 IST" duration-ms="100264">
    <groups>
    </groups>
    <test started-at="2025-04-18T18:03:11 IST" name="Default test" finished-at="2025-04-18T18:04:51 IST" duration-ms="100264">
      <class name="enterprise.ExpenseWorkflow">
        <test-method is-config="true" signature="setup()[pri:0, instance:enterprise.ExpenseWorkflow@591e58fa]" started-at="2025-04-18T18:03:11 IST" name="setup" finished-at="2025-04-18T18:03:52 IST" duration-ms="41429" status="PASS">
          <reporter-output>
          </reporter-output>
        </test-method> <!-- setup -->
        <test-method signature="expenseworkflow()[pri:0, instance:enterprise.ExpenseWorkflow@591e58fa]" started-at="2025-04-18T18:03:52 IST" name="expenseworkflow" finished-at="2025-04-18T18:04:48 IST" duration-ms="55417" status="PASS">
          <reporter-output>
          </reporter-output>
        </test-method> <!-- expenseworkflow -->
        <test-method is-config="true" signature="teardown()[pri:0, instance:enterprise.ExpenseWorkflow@591e58fa]" started-at="2025-04-18T18:04:48 IST" name="teardown" finished-at="2025-04-18T18:04:51 IST" duration-ms="3339" status="PASS">
          <reporter-output>
          </reporter-output>
        </test-method> <!-- teardown -->
      </class> <!-- enterprise.ExpenseWorkflow -->
    </test> <!-- Default test -->
  </suite> <!-- Default suite -->
</testng-results>
