<?xml version="1.0" encoding="UTF-8"?>
<testng-results ignored="0" total="2" passed="2" failed="0" skipped="0">
  <reporter-output>
  </reporter-output>
  <suite started-at="2025-04-15T17:48:40 IST" name="Default suite" finished-at="2025-04-15T17:50:14 IST" duration-ms="94531">
    <groups>
    </groups>
    <test started-at="2025-04-15T17:48:40 IST" name="Default test" finished-at="2025-04-15T17:50:14 IST" duration-ms="94531">
      <class name="essential.LoginLogout">
        <test-method is-config="true" signature="setup()[pri:0, instance:essential.LoginLogout@1d9b7cce]" started-at="2025-04-15T17:48:40 IST" name="setup" finished-at="2025-04-15T17:49:13 IST" duration-ms="33423" status="PASS">
          <reporter-output>
          </reporter-output>
        </test-method> <!-- setup -->
        <test-method signature="adminLoginLogout()[pri:0, instance:essential.LoginLogout@1d9b7cce]" started-at="2025-04-15T17:49:13 IST" name="adminLoginLogout" finished-at="2025-04-15T17:50:06 IST" duration-ms="52973" status="PASS">
          <reporter-output>
          </reporter-output>
        </test-method> <!-- adminLoginLogout -->
        <test-method signature="employeeLoginLogout()[pri:0, instance:essential.LoginLogout@1d9b7cce]" started-at="2025-04-15T17:50:06 IST" name="employeeLoginLogout" finished-at="2025-04-15T17:50:11 IST" depends-on-methods="essential.LoginLogout.adminLoginLogout" duration-ms="4850" status="PASS">
          <reporter-output>
          </reporter-output>
        </test-method> <!-- employeeLoginLogout -->
        <test-method is-config="true" signature="teardown()[pri:0, instance:essential.LoginLogout@1d9b7cce]" started-at="2025-04-15T17:50:11 IST" name="teardown" finished-at="2025-04-15T17:50:14 IST" duration-ms="3225" status="PASS">
          <reporter-output>
          </reporter-output>
        </test-method> <!-- teardown -->
      </class> <!-- essential.LoginLogout -->
    </test> <!-- Default test -->
  </suite> <!-- Default suite -->
</testng-results>
