<?xml version="1.0" encoding="UTF-8"?>
<testng-results ignored="0" total="1" passed="1" failed="0" skipped="0">
  <reporter-output>
  </reporter-output>
  <suite started-at="2025-04-16T14:21:23 IST" name="Default suite" finished-at="2025-04-16T14:22:49 IST" duration-ms="86552">
    <groups>
    </groups>
    <test started-at="2025-04-16T14:21:23 IST" name="Default test" finished-at="2025-04-16T14:22:49 IST" duration-ms="86552">
      <class name="essential.CreateOrgSetup">
        <test-method is-config="true" signature="setup()[pri:0, instance:essential.CreateOrgSetup@7859e786]" started-at="2025-04-16T14:21:23 IST" name="setup" finished-at="2025-04-16T14:21:28 IST" duration-ms="5191" status="PASS">
          <reporter-output>
          </reporter-output>
        </test-method> <!-- setup -->
        <test-method signature="manageOrganization()[pri:0, instance:essential.CreateOrgSetup@7859e786]" started-at="2025-04-16T14:21:28 IST" name="manageOrganization" finished-at="2025-04-16T14:22:46 IST" duration-ms="77998" status="PASS">
          <reporter-output>
          </reporter-output>
        </test-method> <!-- manageOrganization -->
        <test-method is-config="true" signature="teardown()[pri:0, instance:essential.CreateOrgSetup@7859e786]" started-at="2025-04-16T14:22:46 IST" name="teardown" finished-at="2025-04-16T14:22:49 IST" duration-ms="3255" status="PASS">
          <reporter-output>
          </reporter-output>
        </test-method> <!-- teardown -->
      </class> <!-- essential.CreateOrgSetup -->
    </test> <!-- Default test -->
  </suite> <!-- Default suite -->
</testng-results>
