<?xml version="1.0" encoding="UTF-8"?>
<testng-results ignored="0" total="2" passed="2" failed="0" skipped="0">
  <reporter-output>
  </reporter-output>
  <suite started-at="2025-04-15T16:31:30 IST" name="Default suite" finished-at="2025-04-15T16:32:36 IST" duration-ms="65478">
    <groups>
    </groups>
    <test started-at="2025-04-15T16:31:30 IST" name="Default test" finished-at="2025-04-15T16:32:36 IST" duration-ms="65478">
      <class name="essential.LoginLogout">
        <test-method is-config="true" signature="setup()[pri:0, instance:essential.LoginLogout@1a451d4d]" started-at="2025-04-15T16:31:30 IST" name="setup" finished-at="2025-04-15T16:32:21 IST" duration-ms="50580" status="PASS">
          <reporter-output>
          </reporter-output>
        </test-method> <!-- setup -->
        <test-method signature="adminLoginLogout()[pri:0, instance:essential.LoginLogout@1a451d4d]" started-at="2025-04-15T16:32:21 IST" name="adminLoginLogout" finished-at="2025-04-15T16:32:27 IST" duration-ms="5659" status="PASS">
          <reporter-output>
          </reporter-output>
        </test-method> <!-- adminLoginLogout -->
        <test-method signature="employeeLoginLogout()[pri:0, instance:essential.LoginLogout@1a451d4d]" started-at="2025-04-15T16:32:27 IST" name="employeeLoginLogout" finished-at="2025-04-15T16:32:33 IST" depends-on-methods="essential.LoginLogout.adminLoginLogout" duration-ms="5983" status="PASS">
          <reporter-output>
          </reporter-output>
        </test-method> <!-- employeeLoginLogout -->
        <test-method is-config="true" signature="teardown()[pri:0, instance:essential.LoginLogout@1a451d4d]" started-at="2025-04-15T16:32:33 IST" name="teardown" finished-at="2025-04-15T16:32:36 IST" duration-ms="3205" status="PASS">
          <reporter-output>
          </reporter-output>
        </test-method> <!-- teardown -->
      </class> <!-- essential.LoginLogout -->
    </test> <!-- Default test -->
  </suite> <!-- Default suite -->
</testng-results>
