<?xml version="1.0" encoding="UTF-8"?>
<testng-results ignored="0" total="1" passed="1" failed="0" skipped="0">
  <reporter-output>
  </reporter-output>
  <suite started-at="2025-04-18T11:41:17 IST" name="Default suite" finished-at="2025-04-18T11:43:47 IST" duration-ms="149149">
    <groups>
    </groups>
    <test started-at="2025-04-18T11:41:17 IST" name="Default test" finished-at="2025-04-18T11:43:47 IST" duration-ms="149149">
      <class name="enterprise.ExpenseManagement">
        <test-method is-config="true" signature="setup()[pri:0, instance:enterprise.ExpenseManagement@4b6579e8]" started-at="2025-04-18T11:41:18 IST" name="setup" finished-at="2025-04-18T11:41:20 IST" duration-ms="2221" status="PASS">
          <reporter-output>
          </reporter-output>
        </test-method> <!-- setup -->
        <test-method signature="completeExpenseManagementFlow()[pri:0, instance:enterprise.ExpenseManagement@4b6579e8]" started-at="2025-04-18T11:41:20 IST" name="completeExpenseManagementFlow" finished-at="2025-04-18T11:43:46 IST" duration-ms="146680" status="PASS">
          <reporter-output>
          </reporter-output>
        </test-method> <!-- completeExpenseManagementFlow -->
        <test-method is-config="true" signature="tearDown()[pri:0, instance:enterprise.ExpenseManagement@4b6579e8]" started-at="2025-04-18T11:43:46 IST" name="tearDown" finished-at="2025-04-18T11:43:47 IST" duration-ms="161" status="PASS">
          <reporter-output>
          </reporter-output>
        </test-method> <!-- tearDown -->
      </class> <!-- enterprise.ExpenseManagement -->
    </test> <!-- Default test -->
  </suite> <!-- Default suite -->
</testng-results>
