<?xml version="1.0" encoding="UTF-8"?>
<testng-results ignored="0" total="1" passed="1" failed="0" skipped="0">
  <reporter-output>
  </reporter-output>
  <suite started-at="2025-05-20T15:33:59 IST" name="Default suite" finished-at="2025-05-20T15:34:23 IST" duration-ms="23973">
    <groups>
    </groups>
    <test started-at="2025-05-20T15:33:59 IST" name="Default test" finished-at="2025-05-20T15:34:23 IST" duration-ms="23973">
      <class name="essential.LeaveManagement">
        <test-method is-config="true" signature="setup()[pri:0, instance:essential.LeaveManagement@464649c]" started-at="2025-05-20T15:33:59 IST" name="setup" finished-at="2025-05-20T15:34:09 IST" duration-ms="9509" status="PASS">
          <reporter-output>
          </reporter-output>
        </test-method> <!-- setup -->
        <test-method signature="leaveManagement()[pri:0, instance:essential.LeaveManagement@464649c]" started-at="2025-05-20T15:34:09 IST" name="leaveManagement" finished-at="2025-05-20T15:34:20 IST" duration-ms="11063" status="PASS">
          <reporter-output>
          </reporter-output>
        </test-method> <!-- leaveManagement -->
        <test-method is-config="true" signature="teardown()[pri:0, instance:essential.LeaveManagement@464649c]" started-at="2025-05-20T15:34:20 IST" name="teardown" finished-at="2025-05-20T15:34:23 IST" duration-ms="3286" status="PASS">
          <reporter-output>
          </reporter-output>
        </test-method> <!-- teardown -->
      </class> <!-- essential.LeaveManagement -->
    </test> <!-- Default test -->
  </suite> <!-- Default suite -->
</testng-results>
